<?xml version="1.0" encoding="UTF-8" ?>
<testsuite tests="8" failures="0" name="com.game.controller.GetAllTest" time="0.785" errors="8" skipped="0">
  <properties>
    <property name="idea.version" value="2021.3.2"/>
    <property name="java.runtime.name" value="Java(TM) SE Runtime Environment"/>
    <property name="java.vm.version" value="15.0.2+7-27"/>
    <property name="sun.boot.library.path" value="C:\Program Files\Java\jdk-15.0.2\bin"/>
    <property name="maven.multiModuleProjectDirectory" value="D:\Kes\java\GIT\JavaRushTasks\D00.GAME"/>
    <property name="java.vm.vendor" value="Oracle Corporation"/>
    <property name="java.vendor.url" value="https://java.oracle.com/"/>
    <property name="guice.disable.misplaced.annotation.check" value="true"/>
    <property name="path.separator" value=";"/>
    <property name="java.vm.name" value="Java HotSpot(TM) 64-Bit Server VM"/>
    <property name="sun.os.patch.level" value=""/>
    <property name="user.script" value=""/>
    <property name="user.country" value="RU"/>
    <property name="sun.java.launcher" value="SUN_STANDARD"/>
    <property name="java.vm.specification.name" value="Java Virtual Machine Specification"/>
    <property name="user.dir" value="D:\Kes\java\GIT\JavaRushTasks\D00.GAME"/>
    <property name="java.vm.compressedOopsMode" value="32-bit"/>
    <property name="java.runtime.version" value="15.0.2+7-27"/>
    <property name="os.arch" value="amd64"/>
    <property name="java.io.tmpdir" value="C:\Users\Kes\AppData\Local\Temp\"/>
    <property name="line.separator" value="
"/>
    <property name="java.vm.specification.vendor" value="Oracle Corporation"/>
    <property name="user.variant" value=""/>
    <property name="os.name" value="Windows 10"/>
    <property name="maven.ext.class.path" value="C:\Program Files\JetBrains\IntelliJ IDEA 2021.3.2\plugins\maven\lib\maven-event-listener.jar"/>
    <property name="classworlds.conf" value="C:\Program Files\JetBrains\IntelliJ IDEA 2021.3.2\plugins\maven\lib\maven3\bin\m2.conf"/>
    <property name="sun.jnu.encoding" value="Cp1251"/>
    <property name="java.library.path" value="C:\Program Files\Java\jdk-15.0.2\bin;C:\Windows\Sun\Java\bin;C:\Windows\system32;C:\Windows;C:\Program Files\Common Files\Oracle\Java\javapath;C:\Program Files (x86)\Common Files\Oracle\Java\javapath;C:\Windows\system32;C:\Windows;C:\Windows\System32\Wbem;C:\Windows\System32\WindowsPowerShell\v1.0\;C:\Windows\System32\OpenSSH\;C:\Program Files (x86)\GitExtensions\;C:\Program Files\Git\cmd;C:\Program Files\MySQL\MySQL Shell 8.0\bin\;C:\Users\Kes\AppData\Local\Microsoft\WindowsApps;C:\Program Files\JetBrains\IntelliJ IDEA 2021.3.2\bin;;C:\Users\Kes\AppData\Local\GitHubDesktop\bin;."/>
    <property name="maven.conf" value="C:\Program Files\JetBrains\IntelliJ IDEA 2021.3.2\plugins\maven\lib\maven3/conf"/>
    <property name="jdk.debug" value="release"/>
    <property name="java.class.version" value="59.0"/>
    <property name="java.specification.name" value="Java Platform API Specification"/>
    <property name="sun.management.compiler" value="HotSpot 64-Bit Tiered Compilers"/>
    <property name="maven.repo.local" value="D:\Kes\java\m2\repository"/>
    <property name="os.version" value="10.0"/>
    <property name="user.home" value="C:\Users\Kes"/>
    <property name="user.timezone" value="Europe/Moscow"/>
    <property name="file.encoding" value="UTF-8"/>
    <property name="java.specification.version" value="15"/>
    <property name="user.name" value="Kes"/>
    <property name="java.class.path" value="C:\Program Files\JetBrains\IntelliJ IDEA 2021.3.2\plugins\maven\lib\maven3\boot\plexus-classworlds-2.6.0.jar;C:\Program Files\JetBrains\IntelliJ IDEA 2021.3.2\plugins\maven\lib\maven3\boot\plexus-classworlds.license"/>
    <property name="java.vm.specification.version" value="15"/>
    <property name="sun.arch.data.model" value="64"/>
    <property name="sun.java.command" value="org.codehaus.classworlds.Launcher -Didea.version=2021.3.2 -s D:\Kes\java\m2\settings.xml -Dmaven.repo.local=D:\Kes\java\m2\repository package"/>
    <property name="java.home" value="C:\Program Files\Java\jdk-15.0.2"/>
    <property name="user.language" value="ru"/>
    <property name="java.specification.vendor" value="Oracle Corporation"/>
    <property name="java.vm.info" value="mixed mode, sharing"/>
    <property name="java.version" value="15.0.2"/>
    <property name="java.vendor" value="Oracle Corporation"/>
    <property name="maven.home" value="C:\Program Files\JetBrains\IntelliJ IDEA 2021.3.2\plugins\maven\lib\maven3"/>
    <property name="file.separator" value="\"/>
    <property name="java.version.date" value="2021-01-19"/>
    <property name="java.vendor.url.bug" value="https://bugreport.java.com/bugreport/"/>
    <property name="sun.io.unicode.encoding" value="UnicodeLittle"/>
    <property name="sun.cpu.endian" value="little"/>
    <property name="sun.cpu.isalist" value="amd64"/>
  </properties>
  <testcase classname="com.game.controller.GetAllTest" name="getAllWithFiltersAfterBeforeMinExperienceMaxExperience" time="0.324">
    <error message="Cannot deserialize instance of `java.util.ArrayList&lt;com.game.controller.utils.PlayerInfoTest&gt;` out of START_OBJECT token
 at [Source: (String)&quot;{&quot;content&quot;:[{&quot;id&quot;:4,&quot;name&quot;:&quot;Бэлан&quot;,&quot;title&quot;:&quot;Тсе Раа&quot;,&quot;race&quot;:&quot;DWARF&quot;},{&quot;id&quot;:5,&quot;name&quot;:&quot;Элеонора&quot;,&quot;title&quot;:&quot;Бабушка&quot;,&quot;race&quot;:&quot;HUMAN&quot;},{&quot;id&quot;:6,&quot;name&quot;:&quot;Эман&quot;,&quot;title&quot;:&quot;Ухастый Летун&quot;,&quot;race&quot;:&quot;ELF&quot;}],&quot;pageable&quot;:{&quot;page&quot;:1,&quot;size&quot;:3,&quot;sort&quot;:{&quot;orders&quot;:[]}},&quot;total&quot;:40}&quot;; line: 1, column: 1]" type="com.fasterxml.jackson.databind.exc.MismatchedInputException">com.fasterxml.jackson.databind.exc.MismatchedInputException: Cannot deserialize instance of `java.util.ArrayList&lt;com.game.controller.utils.PlayerInfoTest&gt;` out of START_OBJECT token
 at [Source: (String)&quot;{&quot;content&quot;:[{&quot;id&quot;:4,&quot;name&quot;:&quot;Бэлан&quot;,&quot;title&quot;:&quot;Тсе Раа&quot;,&quot;race&quot;:&quot;DWARF&quot;},{&quot;id&quot;:5,&quot;name&quot;:&quot;Элеонора&quot;,&quot;title&quot;:&quot;Бабушка&quot;,&quot;race&quot;:&quot;HUMAN&quot;},{&quot;id&quot;:6,&quot;name&quot;:&quot;Эман&quot;,&quot;title&quot;:&quot;Ухастый Летун&quot;,&quot;race&quot;:&quot;ELF&quot;}],&quot;pageable&quot;:{&quot;page&quot;:1,&quot;size&quot;:3,&quot;sort&quot;:{&quot;orders&quot;:[]}},&quot;total&quot;:40}&quot;; line: 1, column: 1]
	at com.fasterxml.jackson.databind.exc.MismatchedInputException.from(MismatchedInputException.java:59)
	at com.fasterxml.jackson.databind.DeserializationContext.reportInputMismatch(DeserializationContext.java:1442)
	at com.fasterxml.jackson.databind.DeserializationContext.handleUnexpectedToken(DeserializationContext.java:1216)
	at com.fasterxml.jackson.databind.DeserializationContext.handleUnexpectedToken(DeserializationContext.java:1168)
	at com.fasterxml.jackson.databind.deser.std.CollectionDeserializer.handleNonArray(CollectionDeserializer.java:332)
	at com.fasterxml.jackson.databind.deser.std.CollectionDeserializer.deserialize(CollectionDeserializer.java:265)
	at com.fasterxml.jackson.databind.deser.std.CollectionDeserializer.deserialize(CollectionDeserializer.java:245)
	at com.fasterxml.jackson.databind.deser.std.CollectionDeserializer.deserialize(CollectionDeserializer.java:27)
	at com.fasterxml.jackson.databind.ObjectMapper._readMapAndClose(ObjectMapper.java:4202)
	at com.fasterxml.jackson.databind.ObjectMapper.readValue(ObjectMapper.java:3205)
	at com.fasterxml.jackson.databind.ObjectMapper.readValue(ObjectMapper.java:3188)
	at com.game.controller.GetAllTest.getAllWithFiltersAfterBeforeMinExperienceMaxExperience(GetAllTest.java:165)
	at java.base/jdk.internal.reflect.NativeMethodAccessorImpl.invoke0(Native Method)
	at java.base/jdk.internal.reflect.NativeMethodAccessorImpl.invoke(NativeMethodAccessorImpl.java:64)
	at java.base/jdk.internal.reflect.DelegatingMethodAccessorImpl.invoke(DelegatingMethodAccessorImpl.java:43)
	at java.base/java.lang.reflect.Method.invoke(Method.java:564)
	at org.junit.runners.model.FrameworkMethod$1.runReflectiveCall(FrameworkMethod.java:59)
	at org.junit.internal.runners.model.ReflectiveCallable.run(ReflectiveCallable.java:12)
	at org.junit.runners.model.FrameworkMethod.invokeExplosively(FrameworkMethod.java:56)
	at org.junit.internal.runners.statements.InvokeMethod.evaluate(InvokeMethod.java:17)
	at org.springframework.test.context.junit4.statements.RunBeforeTestExecutionCallbacks.evaluate(RunBeforeTestExecutionCallbacks.java:74)
	at org.springframework.test.context.junit4.statements.RunAfterTestExecutionCallbacks.evaluate(RunAfterTestExecutionCallbacks.java:84)
	at org.junit.internal.runners.statements.RunBefores.evaluate(RunBefores.java:26)
	at org.springframework.test.context.junit4.statements.RunBeforeTestMethodCallbacks.evaluate(RunBeforeTestMethodCallbacks.java:75)
	at org.springframework.test.context.junit4.statements.RunAfterTestMethodCallbacks.evaluate(RunAfterTestMethodCallbacks.java:86)
	at org.springframework.test.context.junit4.statements.SpringRepeat.evaluate(SpringRepeat.java:84)
	at org.junit.runners.ParentRunner.runLeaf(ParentRunner.java:366)
	at org.springframework.test.context.junit4.SpringJUnit4ClassRunner.runChild(SpringJUnit4ClassRunner.java:251)
	at org.springframework.test.context.junit4.SpringJUnit4ClassRunner.runChild(SpringJUnit4ClassRunner.java:97)
	at org.junit.runners.ParentRunner$4.run(ParentRunner.java:331)
	at org.junit.runners.ParentRunner$1.schedule(ParentRunner.java:79)
	at org.junit.runners.ParentRunner.runChildren(ParentRunner.java:329)
	at org.junit.runners.ParentRunner.access$100(ParentRunner.java:66)
	at org.junit.runners.ParentRunner$2.evaluate(ParentRunner.java:293)
	at org.springframework.test.context.junit4.statements.RunBeforeTestClassCallbacks.evaluate(RunBeforeTestClassCallbacks.java:61)
	at org.springframework.test.context.junit4.statements.RunAfterTestClassCallbacks.evaluate(RunAfterTestClassCallbacks.java:70)
	at org.junit.runners.ParentRunner$3.evaluate(ParentRunner.java:306)
	at org.junit.runners.ParentRunner.run(ParentRunner.java:413)
	at org.springframework.test.context.junit4.SpringJUnit4ClassRunner.run(SpringJUnit4ClassRunner.java:190)
	at org.apache.maven.surefire.junit4.JUnit4Provider.execute(JUnit4Provider.java:252)
	at org.apache.maven.surefire.junit4.JUnit4Provider.executeTestSet(JUnit4Provider.java:141)
	at org.apache.maven.surefire.junit4.JUnit4Provider.invoke(JUnit4Provider.java:112)
	at java.base/jdk.internal.reflect.NativeMethodAccessorImpl.invoke0(Native Method)
	at java.base/jdk.internal.reflect.NativeMethodAccessorImpl.invoke(NativeMethodAccessorImpl.java:64)
	at java.base/jdk.internal.reflect.DelegatingMethodAccessorImpl.invoke(DelegatingMethodAccessorImpl.java:43)
	at java.base/java.lang.reflect.Method.invoke(Method.java:564)
	at org.apache.maven.surefire.util.ReflectionUtils.invokeMethodWithArray(ReflectionUtils.java:189)
	at org.apache.maven.surefire.booter.ProviderFactory$ProviderProxy.invoke(ProviderFactory.java:165)
	at org.apache.maven.surefire.booter.ProviderFactory.invokeProvider(ProviderFactory.java:85)
	at org.apache.maven.surefire.booter.ForkedBooter.runSuitesInProcess(ForkedBooter.java:115)
	at org.apache.maven.surefire.booter.ForkedBooter.main(ForkedBooter.java:75)
</error>
    <system-out>2022-05-22 07:28:34.263 [main] INFO  org.springframework.test.context.web.WebTestContextBootstrapper - Loaded default TestExecutionListener class names from location [META-INF/spring.factories]: [org.springframework.test.context.web.ServletTestExecutionListener, org.springframework.test.context.support.DirtiesContextBeforeModesTestExecutionListener, org.springframework.test.context.support.DependencyInjectionTestExecutionListener, org.springframework.test.context.support.DirtiesContextTestExecutionListener, org.springframework.test.context.transaction.TransactionalTestExecutionListener, org.springframework.test.context.jdbc.SqlScriptsTestExecutionListener, org.springframework.test.context.event.EventPublishingTestExecutionListener]
2022-05-22 07:28:34.263 [main] INFO  org.springframework.test.context.web.WebTestContextBootstrapper - Using TestExecutionListeners: [org.springframework.test.context.web.ServletTestExecutionListener@35f01759, org.springframework.test.context.support.DirtiesContextBeforeModesTestExecutionListener@2fea9a7b, org.springframework.test.context.support.DependencyInjectionTestExecutionListener@2aa07d80, org.springframework.test.context.support.DirtiesContextTestExecutionListener@69c1ea07, org.springframework.test.context.transaction.TransactionalTestExecutionListener@5cbe72b9, org.springframework.test.context.jdbc.SqlScriptsTestExecutionListener@27fc0217, org.springframework.test.context.event.EventPublishingTestExecutionListener@e993715]
2022-05-22 07:28:34.293 [main] INFO  org.springframework.mock.web.MockServletContext - Initializing Spring TestDispatcherServlet &apos;&apos;
2022-05-22 07:28:34.344 [main] INFO  org.springframework.test.web.servlet.TestDispatcherServlet - Initializing Servlet &apos;&apos;
2022-05-22 07:28:34.374 [main] INFO  org.springframework.test.web.servlet.TestDispatcherServlet - Completed initialization in 22 ms
2022-05-22 07:28:34.422 [main] INFO   - pageNumber: 1
2022-05-22 07:28:34.422 [main] INFO   - pageSize: 3
2022-05-22 07:28:34.434 [main] INFO   - listWithPagination start
</system-out>
  </testcase>
  <testcase classname="com.game.controller.GetAllTest" name="getAllWithFiltersBannedMinLevelMaxLevel" time="0.118">
    <error message="Cannot deserialize instance of `java.util.ArrayList&lt;com.game.controller.utils.PlayerInfoTest&gt;` out of START_OBJECT token
 at [Source: (String)&quot;{&quot;content&quot;:[{&quot;id&quot;:1,&quot;name&quot;:&quot;Ниус&quot;,&quot;title&quot;:&quot;Приходящий Без Шума&quot;,&quot;race&quot;:&quot;HOBBIT&quot;},{&quot;id&quot;:2,&quot;name&quot;:&quot;Никрашш&quot;,&quot;title&quot;:&quot;НайтВульф&quot;,&quot;race&quot;:&quot;ORC&quot;},{&quot;id&quot;:3,&quot;name&quot;:&quot;Эззэссэль&quot;,&quot;title&quot;:&quot;шипящая&quot;,&quot;race&quot;:&quot;DWARF&quot;}],&quot;pageable&quot;:{&quot;page&quot;:0,&quot;size&quot;:3,&quot;sort&quot;:{&quot;orders&quot;:[]}},&quot;total&quot;:40}&quot;; line: 1, column: 1]" type="com.fasterxml.jackson.databind.exc.MismatchedInputException">com.fasterxml.jackson.databind.exc.MismatchedInputException: Cannot deserialize instance of `java.util.ArrayList&lt;com.game.controller.utils.PlayerInfoTest&gt;` out of START_OBJECT token
 at [Source: (String)&quot;{&quot;content&quot;:[{&quot;id&quot;:1,&quot;name&quot;:&quot;Ниус&quot;,&quot;title&quot;:&quot;Приходящий Без Шума&quot;,&quot;race&quot;:&quot;HOBBIT&quot;},{&quot;id&quot;:2,&quot;name&quot;:&quot;Никрашш&quot;,&quot;title&quot;:&quot;НайтВульф&quot;,&quot;race&quot;:&quot;ORC&quot;},{&quot;id&quot;:3,&quot;name&quot;:&quot;Эззэссэль&quot;,&quot;title&quot;:&quot;шипящая&quot;,&quot;race&quot;:&quot;DWARF&quot;}],&quot;pageable&quot;:{&quot;page&quot;:0,&quot;size&quot;:3,&quot;sort&quot;:{&quot;orders&quot;:[]}},&quot;total&quot;:40}&quot;; line: 1, column: 1]
	at com.fasterxml.jackson.databind.exc.MismatchedInputException.from(MismatchedInputException.java:59)
	at com.fasterxml.jackson.databind.DeserializationContext.reportInputMismatch(DeserializationContext.java:1442)
	at com.fasterxml.jackson.databind.DeserializationContext.handleUnexpectedToken(DeserializationContext.java:1216)
	at com.fasterxml.jackson.databind.DeserializationContext.handleUnexpectedToken(DeserializationContext.java:1168)
	at com.fasterxml.jackson.databind.deser.std.CollectionDeserializer.handleNonArray(CollectionDeserializer.java:332)
	at com.fasterxml.jackson.databind.deser.std.CollectionDeserializer.deserialize(CollectionDeserializer.java:265)
	at com.fasterxml.jackson.databind.deser.std.CollectionDeserializer.deserialize(CollectionDeserializer.java:245)
	at com.fasterxml.jackson.databind.deser.std.CollectionDeserializer.deserialize(CollectionDeserializer.java:27)
	at com.fasterxml.jackson.databind.ObjectMapper._readMapAndClose(ObjectMapper.java:4202)
	at com.fasterxml.jackson.databind.ObjectMapper.readValue(ObjectMapper.java:3205)
	at com.fasterxml.jackson.databind.ObjectMapper.readValue(ObjectMapper.java:3188)
	at com.game.controller.GetAllTest.getAllWithFiltersBannedMinLevelMaxLevel(GetAllTest.java:126)
	at java.base/jdk.internal.reflect.NativeMethodAccessorImpl.invoke0(Native Method)
	at java.base/jdk.internal.reflect.NativeMethodAccessorImpl.invoke(NativeMethodAccessorImpl.java:64)
	at java.base/jdk.internal.reflect.DelegatingMethodAccessorImpl.invoke(DelegatingMethodAccessorImpl.java:43)
	at java.base/java.lang.reflect.Method.invoke(Method.java:564)
	at org.junit.runners.model.FrameworkMethod$1.runReflectiveCall(FrameworkMethod.java:59)
	at org.junit.internal.runners.model.ReflectiveCallable.run(ReflectiveCallable.java:12)
	at org.junit.runners.model.FrameworkMethod.invokeExplosively(FrameworkMethod.java:56)
	at org.junit.internal.runners.statements.InvokeMethod.evaluate(InvokeMethod.java:17)
	at org.springframework.test.context.junit4.statements.RunBeforeTestExecutionCallbacks.evaluate(RunBeforeTestExecutionCallbacks.java:74)
	at org.springframework.test.context.junit4.statements.RunAfterTestExecutionCallbacks.evaluate(RunAfterTestExecutionCallbacks.java:84)
	at org.junit.internal.runners.statements.RunBefores.evaluate(RunBefores.java:26)
	at org.springframework.test.context.junit4.statements.RunBeforeTestMethodCallbacks.evaluate(RunBeforeTestMethodCallbacks.java:75)
	at org.springframework.test.context.junit4.statements.RunAfterTestMethodCallbacks.evaluate(RunAfterTestMethodCallbacks.java:86)
	at org.springframework.test.context.junit4.statements.SpringRepeat.evaluate(SpringRepeat.java:84)
	at org.junit.runners.ParentRunner.runLeaf(ParentRunner.java:366)
	at org.springframework.test.context.junit4.SpringJUnit4ClassRunner.runChild(SpringJUnit4ClassRunner.java:251)
	at org.springframework.test.context.junit4.SpringJUnit4ClassRunner.runChild(SpringJUnit4ClassRunner.java:97)
	at org.junit.runners.ParentRunner$4.run(ParentRunner.java:331)
	at org.junit.runners.ParentRunner$1.schedule(ParentRunner.java:79)
	at org.junit.runners.ParentRunner.runChildren(ParentRunner.java:329)
	at org.junit.runners.ParentRunner.access$100(ParentRunner.java:66)
	at org.junit.runners.ParentRunner$2.evaluate(ParentRunner.java:293)
	at org.springframework.test.context.junit4.statements.RunBeforeTestClassCallbacks.evaluate(RunBeforeTestClassCallbacks.java:61)
	at org.springframework.test.context.junit4.statements.RunAfterTestClassCallbacks.evaluate(RunAfterTestClassCallbacks.java:70)
	at org.junit.runners.ParentRunner$3.evaluate(ParentRunner.java:306)
	at org.junit.runners.ParentRunner.run(ParentRunner.java:413)
	at org.springframework.test.context.junit4.SpringJUnit4ClassRunner.run(SpringJUnit4ClassRunner.java:190)
	at org.apache.maven.surefire.junit4.JUnit4Provider.execute(JUnit4Provider.java:252)
	at org.apache.maven.surefire.junit4.JUnit4Provider.executeTestSet(JUnit4Provider.java:141)
	at org.apache.maven.surefire.junit4.JUnit4Provider.invoke(JUnit4Provider.java:112)
	at java.base/jdk.internal.reflect.NativeMethodAccessorImpl.invoke0(Native Method)
	at java.base/jdk.internal.reflect.NativeMethodAccessorImpl.invoke(NativeMethodAccessorImpl.java:64)
	at java.base/jdk.internal.reflect.DelegatingMethodAccessorImpl.invoke(DelegatingMethodAccessorImpl.java:43)
	at java.base/java.lang.reflect.Method.invoke(Method.java:564)
	at org.apache.maven.surefire.util.ReflectionUtils.invokeMethodWithArray(ReflectionUtils.java:189)
	at org.apache.maven.surefire.booter.ProviderFactory$ProviderProxy.invoke(ProviderFactory.java:165)
	at org.apache.maven.surefire.booter.ProviderFactory.invokeProvider(ProviderFactory.java:85)
	at org.apache.maven.surefire.booter.ForkedBooter.runSuitesInProcess(ForkedBooter.java:115)
	at org.apache.maven.surefire.booter.ForkedBooter.main(ForkedBooter.java:75)
</error>
    <system-out>2022-05-22 07:28:34.764 [main] INFO  org.springframework.mock.web.MockServletContext - Initializing Spring TestDispatcherServlet &apos;&apos;
2022-05-22 07:28:34.766 [main] INFO  org.springframework.test.web.servlet.TestDispatcherServlet - Initializing Servlet &apos;&apos;
2022-05-22 07:28:34.766 [main] INFO  org.springframework.test.web.servlet.TestDispatcherServlet - Completed initialization in 0 ms
2022-05-22 07:28:34.766 [main] INFO   - pageNumber: 0
2022-05-22 07:28:34.766 [main] INFO   - pageSize: 3
2022-05-22 07:28:34.774 [main] INFO   - listWithPagination start
</system-out>
  </testcase>
  <testcase classname="com.game.controller.GetAllTest" name="getAllWithFiltersNamePageNumber" time="0.052">
    <error message="Cannot deserialize instance of `java.util.ArrayList&lt;com.game.controller.utils.PlayerInfoTest&gt;` out of START_OBJECT token
 at [Source: (String)&quot;{&quot;content&quot;:[{&quot;id&quot;:4,&quot;name&quot;:&quot;Бэлан&quot;,&quot;title&quot;:&quot;Тсе Раа&quot;,&quot;race&quot;:&quot;DWARF&quot;},{&quot;id&quot;:5,&quot;name&quot;:&quot;Элеонора&quot;,&quot;title&quot;:&quot;Бабушка&quot;,&quot;race&quot;:&quot;HUMAN&quot;},{&quot;id&quot;:6,&quot;name&quot;:&quot;Эман&quot;,&quot;title&quot;:&quot;Ухастый Летун&quot;,&quot;race&quot;:&quot;ELF&quot;}],&quot;pageable&quot;:{&quot;page&quot;:1,&quot;size&quot;:3,&quot;sort&quot;:{&quot;orders&quot;:[]}},&quot;total&quot;:40}&quot;; line: 1, column: 1]" type="com.fasterxml.jackson.databind.exc.MismatchedInputException">com.fasterxml.jackson.databind.exc.MismatchedInputException: Cannot deserialize instance of `java.util.ArrayList&lt;com.game.controller.utils.PlayerInfoTest&gt;` out of START_OBJECT token
 at [Source: (String)&quot;{&quot;content&quot;:[{&quot;id&quot;:4,&quot;name&quot;:&quot;Бэлан&quot;,&quot;title&quot;:&quot;Тсе Раа&quot;,&quot;race&quot;:&quot;DWARF&quot;},{&quot;id&quot;:5,&quot;name&quot;:&quot;Элеонора&quot;,&quot;title&quot;:&quot;Бабушка&quot;,&quot;race&quot;:&quot;HUMAN&quot;},{&quot;id&quot;:6,&quot;name&quot;:&quot;Эман&quot;,&quot;title&quot;:&quot;Ухастый Летун&quot;,&quot;race&quot;:&quot;ELF&quot;}],&quot;pageable&quot;:{&quot;page&quot;:1,&quot;size&quot;:3,&quot;sort&quot;:{&quot;orders&quot;:[]}},&quot;total&quot;:40}&quot;; line: 1, column: 1]
	at com.fasterxml.jackson.databind.exc.MismatchedInputException.from(MismatchedInputException.java:59)
	at com.fasterxml.jackson.databind.DeserializationContext.reportInputMismatch(DeserializationContext.java:1442)
	at com.fasterxml.jackson.databind.DeserializationContext.handleUnexpectedToken(DeserializationContext.java:1216)
	at com.fasterxml.jackson.databind.DeserializationContext.handleUnexpectedToken(DeserializationContext.java:1168)
	at com.fasterxml.jackson.databind.deser.std.CollectionDeserializer.handleNonArray(CollectionDeserializer.java:332)
	at com.fasterxml.jackson.databind.deser.std.CollectionDeserializer.deserialize(CollectionDeserializer.java:265)
	at com.fasterxml.jackson.databind.deser.std.CollectionDeserializer.deserialize(CollectionDeserializer.java:245)
	at com.fasterxml.jackson.databind.deser.std.CollectionDeserializer.deserialize(CollectionDeserializer.java:27)
	at com.fasterxml.jackson.databind.ObjectMapper._readMapAndClose(ObjectMapper.java:4202)
	at com.fasterxml.jackson.databind.ObjectMapper.readValue(ObjectMapper.java:3205)
	at com.fasterxml.jackson.databind.ObjectMapper.readValue(ObjectMapper.java:3188)
	at com.game.controller.GetAllTest.getAllWithFiltersNamePageNumber(GetAllTest.java:50)
	at java.base/jdk.internal.reflect.NativeMethodAccessorImpl.invoke0(Native Method)
	at java.base/jdk.internal.reflect.NativeMethodAccessorImpl.invoke(NativeMethodAccessorImpl.java:64)
	at java.base/jdk.internal.reflect.DelegatingMethodAccessorImpl.invoke(DelegatingMethodAccessorImpl.java:43)
	at java.base/java.lang.reflect.Method.invoke(Method.java:564)
	at org.junit.runners.model.FrameworkMethod$1.runReflectiveCall(FrameworkMethod.java:59)
	at org.junit.internal.runners.model.ReflectiveCallable.run(ReflectiveCallable.java:12)
	at org.junit.runners.model.FrameworkMethod.invokeExplosively(FrameworkMethod.java:56)
	at org.junit.internal.runners.statements.InvokeMethod.evaluate(InvokeMethod.java:17)
	at org.springframework.test.context.junit4.statements.RunBeforeTestExecutionCallbacks.evaluate(RunBeforeTestExecutionCallbacks.java:74)
	at org.springframework.test.context.junit4.statements.RunAfterTestExecutionCallbacks.evaluate(RunAfterTestExecutionCallbacks.java:84)
	at org.junit.internal.runners.statements.RunBefores.evaluate(RunBefores.java:26)
	at org.springframework.test.context.junit4.statements.RunBeforeTestMethodCallbacks.evaluate(RunBeforeTestMethodCallbacks.java:75)
	at org.springframework.test.context.junit4.statements.RunAfterTestMethodCallbacks.evaluate(RunAfterTestMethodCallbacks.java:86)
	at org.springframework.test.context.junit4.statements.SpringRepeat.evaluate(SpringRepeat.java:84)
	at org.junit.runners.ParentRunner.runLeaf(ParentRunner.java:366)
	at org.springframework.test.context.junit4.SpringJUnit4ClassRunner.runChild(SpringJUnit4ClassRunner.java:251)
	at org.springframework.test.context.junit4.SpringJUnit4ClassRunner.runChild(SpringJUnit4ClassRunner.java:97)
	at org.junit.runners.ParentRunner$4.run(ParentRunner.java:331)
	at org.junit.runners.ParentRunner$1.schedule(ParentRunner.java:79)
	at org.junit.runners.ParentRunner.runChildren(ParentRunner.java:329)
	at org.junit.runners.ParentRunner.access$100(ParentRunner.java:66)
	at org.junit.runners.ParentRunner$2.evaluate(ParentRunner.java:293)
	at org.springframework.test.context.junit4.statements.RunBeforeTestClassCallbacks.evaluate(RunBeforeTestClassCallbacks.java:61)
	at org.springframework.test.context.junit4.statements.RunAfterTestClassCallbacks.evaluate(RunAfterTestClassCallbacks.java:70)
	at org.junit.runners.ParentRunner$3.evaluate(ParentRunner.java:306)
	at org.junit.runners.ParentRunner.run(ParentRunner.java:413)
	at org.springframework.test.context.junit4.SpringJUnit4ClassRunner.run(SpringJUnit4ClassRunner.java:190)
	at org.apache.maven.surefire.junit4.JUnit4Provider.execute(JUnit4Provider.java:252)
	at org.apache.maven.surefire.junit4.JUnit4Provider.executeTestSet(JUnit4Provider.java:141)
	at org.apache.maven.surefire.junit4.JUnit4Provider.invoke(JUnit4Provider.java:112)
	at java.base/jdk.internal.reflect.NativeMethodAccessorImpl.invoke0(Native Method)
	at java.base/jdk.internal.reflect.NativeMethodAccessorImpl.invoke(NativeMethodAccessorImpl.java:64)
	at java.base/jdk.internal.reflect.DelegatingMethodAccessorImpl.invoke(DelegatingMethodAccessorImpl.java:43)
	at java.base/java.lang.reflect.Method.invoke(Method.java:564)
	at org.apache.maven.surefire.util.ReflectionUtils.invokeMethodWithArray(ReflectionUtils.java:189)
	at org.apache.maven.surefire.booter.ProviderFactory$ProviderProxy.invoke(ProviderFactory.java:165)
	at org.apache.maven.surefire.booter.ProviderFactory.invokeProvider(ProviderFactory.java:85)
	at org.apache.maven.surefire.booter.ForkedBooter.runSuitesInProcess(ForkedBooter.java:115)
	at org.apache.maven.surefire.booter.ForkedBooter.main(ForkedBooter.java:75)
</error>
    <system-out>2022-05-22 07:28:34.886 [main] INFO  org.springframework.mock.web.MockServletContext - Initializing Spring TestDispatcherServlet &apos;&apos;
2022-05-22 07:28:34.894 [main] INFO  org.springframework.test.web.servlet.TestDispatcherServlet - Initializing Servlet &apos;&apos;
2022-05-22 07:28:34.906 [main] INFO  org.springframework.test.web.servlet.TestDispatcherServlet - Completed initialization in 2 ms
2022-05-22 07:28:34.906 [main] INFO   - pageNumber: 1
2022-05-22 07:28:34.906 [main] INFO   - pageSize: 3
2022-05-22 07:28:34.906 [main] INFO   - listWithPagination start
</system-out>
  </testcase>
  <testcase classname="com.game.controller.GetAllTest" name="getAllWithoutFiltersReturnAllPlayers" time="0.021">
    <error message="Cannot deserialize instance of `java.util.ArrayList&lt;com.game.controller.utils.PlayerInfoTest&gt;` out of START_OBJECT token
 at [Source: (String)&quot;{&quot;content&quot;:[{&quot;id&quot;:1,&quot;name&quot;:&quot;Ниус&quot;,&quot;title&quot;:&quot;Приходящий Без Шума&quot;,&quot;race&quot;:&quot;HOBBIT&quot;},{&quot;id&quot;:2,&quot;name&quot;:&quot;Никрашш&quot;,&quot;title&quot;:&quot;НайтВульф&quot;,&quot;race&quot;:&quot;ORC&quot;},{&quot;id&quot;:3,&quot;name&quot;:&quot;Эззэссэль&quot;,&quot;title&quot;:&quot;шипящая&quot;,&quot;race&quot;:&quot;DWARF&quot;}],&quot;pageable&quot;:{&quot;page&quot;:0,&quot;size&quot;:3,&quot;sort&quot;:{&quot;orders&quot;:[]}},&quot;total&quot;:40}&quot;; line: 1, column: 1]" type="com.fasterxml.jackson.databind.exc.MismatchedInputException">com.fasterxml.jackson.databind.exc.MismatchedInputException: Cannot deserialize instance of `java.util.ArrayList&lt;com.game.controller.utils.PlayerInfoTest&gt;` out of START_OBJECT token
 at [Source: (String)&quot;{&quot;content&quot;:[{&quot;id&quot;:1,&quot;name&quot;:&quot;Ниус&quot;,&quot;title&quot;:&quot;Приходящий Без Шума&quot;,&quot;race&quot;:&quot;HOBBIT&quot;},{&quot;id&quot;:2,&quot;name&quot;:&quot;Никрашш&quot;,&quot;title&quot;:&quot;НайтВульф&quot;,&quot;race&quot;:&quot;ORC&quot;},{&quot;id&quot;:3,&quot;name&quot;:&quot;Эззэссэль&quot;,&quot;title&quot;:&quot;шипящая&quot;,&quot;race&quot;:&quot;DWARF&quot;}],&quot;pageable&quot;:{&quot;page&quot;:0,&quot;size&quot;:3,&quot;sort&quot;:{&quot;orders&quot;:[]}},&quot;total&quot;:40}&quot;; line: 1, column: 1]
	at com.fasterxml.jackson.databind.exc.MismatchedInputException.from(MismatchedInputException.java:59)
	at com.fasterxml.jackson.databind.DeserializationContext.reportInputMismatch(DeserializationContext.java:1442)
	at com.fasterxml.jackson.databind.DeserializationContext.handleUnexpectedToken(DeserializationContext.java:1216)
	at com.fasterxml.jackson.databind.DeserializationContext.handleUnexpectedToken(DeserializationContext.java:1168)
	at com.fasterxml.jackson.databind.deser.std.CollectionDeserializer.handleNonArray(CollectionDeserializer.java:332)
	at com.fasterxml.jackson.databind.deser.std.CollectionDeserializer.deserialize(CollectionDeserializer.java:265)
	at com.fasterxml.jackson.databind.deser.std.CollectionDeserializer.deserialize(CollectionDeserializer.java:245)
	at com.fasterxml.jackson.databind.deser.std.CollectionDeserializer.deserialize(CollectionDeserializer.java:27)
	at com.fasterxml.jackson.databind.ObjectMapper._readMapAndClose(ObjectMapper.java:4202)
	at com.fasterxml.jackson.databind.ObjectMapper.readValue(ObjectMapper.java:3205)
	at com.fasterxml.jackson.databind.ObjectMapper.readValue(ObjectMapper.java:3188)
	at com.game.controller.GetAllTest.getAllWithoutFiltersReturnAllPlayers(GetAllTest.java:36)
	at java.base/jdk.internal.reflect.NativeMethodAccessorImpl.invoke0(Native Method)
	at java.base/jdk.internal.reflect.NativeMethodAccessorImpl.invoke(NativeMethodAccessorImpl.java:64)
	at java.base/jdk.internal.reflect.DelegatingMethodAccessorImpl.invoke(DelegatingMethodAccessorImpl.java:43)
	at java.base/java.lang.reflect.Method.invoke(Method.java:564)
	at org.junit.runners.model.FrameworkMethod$1.runReflectiveCall(FrameworkMethod.java:59)
	at org.junit.internal.runners.model.ReflectiveCallable.run(ReflectiveCallable.java:12)
	at org.junit.runners.model.FrameworkMethod.invokeExplosively(FrameworkMethod.java:56)
	at org.junit.internal.runners.statements.InvokeMethod.evaluate(InvokeMethod.java:17)
	at org.springframework.test.context.junit4.statements.RunBeforeTestExecutionCallbacks.evaluate(RunBeforeTestExecutionCallbacks.java:74)
	at org.springframework.test.context.junit4.statements.RunAfterTestExecutionCallbacks.evaluate(RunAfterTestExecutionCallbacks.java:84)
	at org.junit.internal.runners.statements.RunBefores.evaluate(RunBefores.java:26)
	at org.springframework.test.context.junit4.statements.RunBeforeTestMethodCallbacks.evaluate(RunBeforeTestMethodCallbacks.java:75)
	at org.springframework.test.context.junit4.statements.RunAfterTestMethodCallbacks.evaluate(RunAfterTestMethodCallbacks.java:86)
	at org.springframework.test.context.junit4.statements.SpringRepeat.evaluate(SpringRepeat.java:84)
	at org.junit.runners.ParentRunner.runLeaf(ParentRunner.java:366)
	at org.springframework.test.context.junit4.SpringJUnit4ClassRunner.runChild(SpringJUnit4ClassRunner.java:251)
	at org.springframework.test.context.junit4.SpringJUnit4ClassRunner.runChild(SpringJUnit4ClassRunner.java:97)
	at org.junit.runners.ParentRunner$4.run(ParentRunner.java:331)
	at org.junit.runners.ParentRunner$1.schedule(ParentRunner.java:79)
	at org.junit.runners.ParentRunner.runChildren(ParentRunner.java:329)
	at org.junit.runners.ParentRunner.access$100(ParentRunner.java:66)
	at org.junit.runners.ParentRunner$2.evaluate(ParentRunner.java:293)
	at org.springframework.test.context.junit4.statements.RunBeforeTestClassCallbacks.evaluate(RunBeforeTestClassCallbacks.java:61)
	at org.springframework.test.context.junit4.statements.RunAfterTestClassCallbacks.evaluate(RunAfterTestClassCallbacks.java:70)
	at org.junit.runners.ParentRunner$3.evaluate(ParentRunner.java:306)
	at org.junit.runners.ParentRunner.run(ParentRunner.java:413)
	at org.springframework.test.context.junit4.SpringJUnit4ClassRunner.run(SpringJUnit4ClassRunner.java:190)
	at org.apache.maven.surefire.junit4.JUnit4Provider.execute(JUnit4Provider.java:252)
	at org.apache.maven.surefire.junit4.JUnit4Provider.executeTestSet(JUnit4Provider.java:141)
	at org.apache.maven.surefire.junit4.JUnit4Provider.invoke(JUnit4Provider.java:112)
	at java.base/jdk.internal.reflect.NativeMethodAccessorImpl.invoke0(Native Method)
	at java.base/jdk.internal.reflect.NativeMethodAccessorImpl.invoke(NativeMethodAccessorImpl.java:64)
	at java.base/jdk.internal.reflect.DelegatingMethodAccessorImpl.invoke(DelegatingMethodAccessorImpl.java:43)
	at java.base/java.lang.reflect.Method.invoke(Method.java:564)
	at org.apache.maven.surefire.util.ReflectionUtils.invokeMethodWithArray(ReflectionUtils.java:189)
	at org.apache.maven.surefire.booter.ProviderFactory$ProviderProxy.invoke(ProviderFactory.java:165)
	at org.apache.maven.surefire.booter.ProviderFactory.invokeProvider(ProviderFactory.java:85)
	at org.apache.maven.surefire.booter.ForkedBooter.runSuitesInProcess(ForkedBooter.java:115)
	at org.apache.maven.surefire.booter.ForkedBooter.main(ForkedBooter.java:75)
</error>
    <system-out>2022-05-22 07:28:34.934 [main] INFO  org.springframework.mock.web.MockServletContext - Initializing Spring TestDispatcherServlet &apos;&apos;
2022-05-22 07:28:34.934 [main] INFO  org.springframework.test.web.servlet.TestDispatcherServlet - Initializing Servlet &apos;&apos;
2022-05-22 07:28:34.937 [main] INFO  org.springframework.test.web.servlet.TestDispatcherServlet - Completed initialization in 0 ms
2022-05-22 07:28:34.937 [main] INFO   - pageNumber: 0
2022-05-22 07:28:34.937 [main] INFO   - pageSize: 3
2022-05-22 07:28:34.937 [main] INFO   - listWithPagination start
</system-out>
  </testcase>
  <testcase classname="com.game.controller.GetAllTest" name="getAllWithFiltersTitlePageSize" time="0.062">
    <error message="Cannot deserialize instance of `java.util.ArrayList&lt;com.game.controller.utils.PlayerInfoTest&gt;` out of START_OBJECT token
 at [Source: (String)&quot;{&quot;content&quot;:[{&quot;id&quot;:1,&quot;name&quot;:&quot;Ниус&quot;,&quot;title&quot;:&quot;Приходящий Без Шума&quot;,&quot;race&quot;:&quot;HOBBIT&quot;},{&quot;id&quot;:2,&quot;name&quot;:&quot;Никрашш&quot;,&quot;title&quot;:&quot;НайтВульф&quot;,&quot;race&quot;:&quot;ORC&quot;},{&quot;id&quot;:3,&quot;name&quot;:&quot;Эззэссэль&quot;,&quot;title&quot;:&quot;шипящая&quot;,&quot;race&quot;:&quot;DWARF&quot;},{&quot;id&quot;:4,&quot;name&quot;:&quot;Бэлан&quot;,&quot;title&quot;:&quot;Тсе Раа&quot;,&quot;race&quot;:&quot;DWARF&quot;}],&quot;pageable&quot;:{&quot;page&quot;:0,&quot;size&quot;:4,&quot;sort&quot;:{&quot;orders&quot;:[]}},&quot;total&quot;:40}&quot;; line: 1, column: 1]" type="com.fasterxml.jackson.databind.exc.MismatchedInputException">com.fasterxml.jackson.databind.exc.MismatchedInputException: Cannot deserialize instance of `java.util.ArrayList&lt;com.game.controller.utils.PlayerInfoTest&gt;` out of START_OBJECT token
 at [Source: (String)&quot;{&quot;content&quot;:[{&quot;id&quot;:1,&quot;name&quot;:&quot;Ниус&quot;,&quot;title&quot;:&quot;Приходящий Без Шума&quot;,&quot;race&quot;:&quot;HOBBIT&quot;},{&quot;id&quot;:2,&quot;name&quot;:&quot;Никрашш&quot;,&quot;title&quot;:&quot;НайтВульф&quot;,&quot;race&quot;:&quot;ORC&quot;},{&quot;id&quot;:3,&quot;name&quot;:&quot;Эззэссэль&quot;,&quot;title&quot;:&quot;шипящая&quot;,&quot;race&quot;:&quot;DWARF&quot;},{&quot;id&quot;:4,&quot;name&quot;:&quot;Бэлан&quot;,&quot;title&quot;:&quot;Тсе Раа&quot;,&quot;race&quot;:&quot;DWARF&quot;}],&quot;pageable&quot;:{&quot;page&quot;:0,&quot;size&quot;:4,&quot;sort&quot;:{&quot;orders&quot;:[]}},&quot;total&quot;:40}&quot;; line: 1, column: 1]
	at com.fasterxml.jackson.databind.exc.MismatchedInputException.from(MismatchedInputException.java:59)
	at com.fasterxml.jackson.databind.DeserializationContext.reportInputMismatch(DeserializationContext.java:1442)
	at com.fasterxml.jackson.databind.DeserializationContext.handleUnexpectedToken(DeserializationContext.java:1216)
	at com.fasterxml.jackson.databind.DeserializationContext.handleUnexpectedToken(DeserializationContext.java:1168)
	at com.fasterxml.jackson.databind.deser.std.CollectionDeserializer.handleNonArray(CollectionDeserializer.java:332)
	at com.fasterxml.jackson.databind.deser.std.CollectionDeserializer.deserialize(CollectionDeserializer.java:265)
	at com.fasterxml.jackson.databind.deser.std.CollectionDeserializer.deserialize(CollectionDeserializer.java:245)
	at com.fasterxml.jackson.databind.deser.std.CollectionDeserializer.deserialize(CollectionDeserializer.java:27)
	at com.fasterxml.jackson.databind.ObjectMapper._readMapAndClose(ObjectMapper.java:4202)
	at com.fasterxml.jackson.databind.ObjectMapper.readValue(ObjectMapper.java:3205)
	at com.fasterxml.jackson.databind.ObjectMapper.readValue(ObjectMapper.java:3188)
	at com.game.controller.GetAllTest.getAllWithFiltersTitlePageSize(GetAllTest.java:67)
	at java.base/jdk.internal.reflect.NativeMethodAccessorImpl.invoke0(Native Method)
	at java.base/jdk.internal.reflect.NativeMethodAccessorImpl.invoke(NativeMethodAccessorImpl.java:64)
	at java.base/jdk.internal.reflect.DelegatingMethodAccessorImpl.invoke(DelegatingMethodAccessorImpl.java:43)
	at java.base/java.lang.reflect.Method.invoke(Method.java:564)
	at org.junit.runners.model.FrameworkMethod$1.runReflectiveCall(FrameworkMethod.java:59)
	at org.junit.internal.runners.model.ReflectiveCallable.run(ReflectiveCallable.java:12)
	at org.junit.runners.model.FrameworkMethod.invokeExplosively(FrameworkMethod.java:56)
	at org.junit.internal.runners.statements.InvokeMethod.evaluate(InvokeMethod.java:17)
	at org.springframework.test.context.junit4.statements.RunBeforeTestExecutionCallbacks.evaluate(RunBeforeTestExecutionCallbacks.java:74)
	at org.springframework.test.context.junit4.statements.RunAfterTestExecutionCallbacks.evaluate(RunAfterTestExecutionCallbacks.java:84)
	at org.junit.internal.runners.statements.RunBefores.evaluate(RunBefores.java:26)
	at org.springframework.test.context.junit4.statements.RunBeforeTestMethodCallbacks.evaluate(RunBeforeTestMethodCallbacks.java:75)
	at org.springframework.test.context.junit4.statements.RunAfterTestMethodCallbacks.evaluate(RunAfterTestMethodCallbacks.java:86)
	at org.springframework.test.context.junit4.statements.SpringRepeat.evaluate(SpringRepeat.java:84)
	at org.junit.runners.ParentRunner.runLeaf(ParentRunner.java:366)
	at org.springframework.test.context.junit4.SpringJUnit4ClassRunner.runChild(SpringJUnit4ClassRunner.java:251)
	at org.springframework.test.context.junit4.SpringJUnit4ClassRunner.runChild(SpringJUnit4ClassRunner.java:97)
	at org.junit.runners.ParentRunner$4.run(ParentRunner.java:331)
	at org.junit.runners.ParentRunner$1.schedule(ParentRunner.java:79)
	at org.junit.runners.ParentRunner.runChildren(ParentRunner.java:329)
	at org.junit.runners.ParentRunner.access$100(ParentRunner.java:66)
	at org.junit.runners.ParentRunner$2.evaluate(ParentRunner.java:293)
	at org.springframework.test.context.junit4.statements.RunBeforeTestClassCallbacks.evaluate(RunBeforeTestClassCallbacks.java:61)
	at org.springframework.test.context.junit4.statements.RunAfterTestClassCallbacks.evaluate(RunAfterTestClassCallbacks.java:70)
	at org.junit.runners.ParentRunner$3.evaluate(ParentRunner.java:306)
	at org.junit.runners.ParentRunner.run(ParentRunner.java:413)
	at org.springframework.test.context.junit4.SpringJUnit4ClassRunner.run(SpringJUnit4ClassRunner.java:190)
	at org.apache.maven.surefire.junit4.JUnit4Provider.execute(JUnit4Provider.java:252)
	at org.apache.maven.surefire.junit4.JUnit4Provider.executeTestSet(JUnit4Provider.java:141)
	at org.apache.maven.surefire.junit4.JUnit4Provider.invoke(JUnit4Provider.java:112)
	at java.base/jdk.internal.reflect.NativeMethodAccessorImpl.invoke0(Native Method)
	at java.base/jdk.internal.reflect.NativeMethodAccessorImpl.invoke(NativeMethodAccessorImpl.java:64)
	at java.base/jdk.internal.reflect.DelegatingMethodAccessorImpl.invoke(DelegatingMethodAccessorImpl.java:43)
	at java.base/java.lang.reflect.Method.invoke(Method.java:564)
	at org.apache.maven.surefire.util.ReflectionUtils.invokeMethodWithArray(ReflectionUtils.java:189)
	at org.apache.maven.surefire.booter.ProviderFactory$ProviderProxy.invoke(ProviderFactory.java:165)
	at org.apache.maven.surefire.booter.ProviderFactory.invokeProvider(ProviderFactory.java:85)
	at org.apache.maven.surefire.booter.ForkedBooter.runSuitesInProcess(ForkedBooter.java:115)
	at org.apache.maven.surefire.booter.ForkedBooter.main(ForkedBooter.java:75)
</error>
    <system-out>2022-05-22 07:28:34.967 [main] INFO  org.springframework.mock.web.MockServletContext - Initializing Spring TestDispatcherServlet &apos;&apos;
2022-05-22 07:28:34.967 [main] INFO  org.springframework.test.web.servlet.TestDispatcherServlet - Initializing Servlet &apos;&apos;
2022-05-22 07:28:34.967 [main] INFO  org.springframework.test.web.servlet.TestDispatcherServlet - Completed initialization in 0 ms
2022-05-22 07:28:34.967 [main] INFO   - pageNumber: 0
2022-05-22 07:28:34.967 [main] INFO   - pageSize: 4
2022-05-22 07:28:34.967 [main] INFO   - listWithPagination start
</system-out>
  </testcase>
  <testcase classname="com.game.controller.GetAllTest" name="getAllWithFiltersRaceProfessionMinExperienceMaxExperience" time="0.13">
    <error message="Cannot deserialize instance of `java.util.ArrayList&lt;com.game.controller.utils.PlayerInfoTest&gt;` out of START_OBJECT token
 at [Source: (String)&quot;{&quot;content&quot;:[{&quot;id&quot;:1,&quot;name&quot;:&quot;Ниус&quot;,&quot;title&quot;:&quot;Приходящий Без Шума&quot;,&quot;race&quot;:&quot;HOBBIT&quot;},{&quot;id&quot;:2,&quot;name&quot;:&quot;Никрашш&quot;,&quot;title&quot;:&quot;НайтВульф&quot;,&quot;race&quot;:&quot;ORC&quot;},{&quot;id&quot;:3,&quot;name&quot;:&quot;Эззэссэль&quot;,&quot;title&quot;:&quot;шипящая&quot;,&quot;race&quot;:&quot;DWARF&quot;}],&quot;pageable&quot;:{&quot;page&quot;:0,&quot;size&quot;:3,&quot;sort&quot;:{&quot;orders&quot;:[]}},&quot;total&quot;:40}&quot;; line: 1, column: 1]" type="com.fasterxml.jackson.databind.exc.MismatchedInputException">com.fasterxml.jackson.databind.exc.MismatchedInputException: Cannot deserialize instance of `java.util.ArrayList&lt;com.game.controller.utils.PlayerInfoTest&gt;` out of START_OBJECT token
 at [Source: (String)&quot;{&quot;content&quot;:[{&quot;id&quot;:1,&quot;name&quot;:&quot;Ниус&quot;,&quot;title&quot;:&quot;Приходящий Без Шума&quot;,&quot;race&quot;:&quot;HOBBIT&quot;},{&quot;id&quot;:2,&quot;name&quot;:&quot;Никрашш&quot;,&quot;title&quot;:&quot;НайтВульф&quot;,&quot;race&quot;:&quot;ORC&quot;},{&quot;id&quot;:3,&quot;name&quot;:&quot;Эззэссэль&quot;,&quot;title&quot;:&quot;шипящая&quot;,&quot;race&quot;:&quot;DWARF&quot;}],&quot;pageable&quot;:{&quot;page&quot;:0,&quot;size&quot;:3,&quot;sort&quot;:{&quot;orders&quot;:[]}},&quot;total&quot;:40}&quot;; line: 1, column: 1]
	at com.fasterxml.jackson.databind.exc.MismatchedInputException.from(MismatchedInputException.java:59)
	at com.fasterxml.jackson.databind.DeserializationContext.reportInputMismatch(DeserializationContext.java:1442)
	at com.fasterxml.jackson.databind.DeserializationContext.handleUnexpectedToken(DeserializationContext.java:1216)
	at com.fasterxml.jackson.databind.DeserializationContext.handleUnexpectedToken(DeserializationContext.java:1168)
	at com.fasterxml.jackson.databind.deser.std.CollectionDeserializer.handleNonArray(CollectionDeserializer.java:332)
	at com.fasterxml.jackson.databind.deser.std.CollectionDeserializer.deserialize(CollectionDeserializer.java:265)
	at com.fasterxml.jackson.databind.deser.std.CollectionDeserializer.deserialize(CollectionDeserializer.java:245)
	at com.fasterxml.jackson.databind.deser.std.CollectionDeserializer.deserialize(CollectionDeserializer.java:27)
	at com.fasterxml.jackson.databind.ObjectMapper._readMapAndClose(ObjectMapper.java:4202)
	at com.fasterxml.jackson.databind.ObjectMapper.readValue(ObjectMapper.java:3205)
	at com.fasterxml.jackson.databind.ObjectMapper.readValue(ObjectMapper.java:3188)
	at com.game.controller.GetAllTest.getAllWithFiltersRaceProfessionMinExperienceMaxExperience(GetAllTest.java:106)
	at java.base/jdk.internal.reflect.NativeMethodAccessorImpl.invoke0(Native Method)
	at java.base/jdk.internal.reflect.NativeMethodAccessorImpl.invoke(NativeMethodAccessorImpl.java:64)
	at java.base/jdk.internal.reflect.DelegatingMethodAccessorImpl.invoke(DelegatingMethodAccessorImpl.java:43)
	at java.base/java.lang.reflect.Method.invoke(Method.java:564)
	at org.junit.runners.model.FrameworkMethod$1.runReflectiveCall(FrameworkMethod.java:59)
	at org.junit.internal.runners.model.ReflectiveCallable.run(ReflectiveCallable.java:12)
	at org.junit.runners.model.FrameworkMethod.invokeExplosively(FrameworkMethod.java:56)
	at org.junit.internal.runners.statements.InvokeMethod.evaluate(InvokeMethod.java:17)
	at org.springframework.test.context.junit4.statements.RunBeforeTestExecutionCallbacks.evaluate(RunBeforeTestExecutionCallbacks.java:74)
	at org.springframework.test.context.junit4.statements.RunAfterTestExecutionCallbacks.evaluate(RunAfterTestExecutionCallbacks.java:84)
	at org.junit.internal.runners.statements.RunBefores.evaluate(RunBefores.java:26)
	at org.springframework.test.context.junit4.statements.RunBeforeTestMethodCallbacks.evaluate(RunBeforeTestMethodCallbacks.java:75)
	at org.springframework.test.context.junit4.statements.RunAfterTestMethodCallbacks.evaluate(RunAfterTestMethodCallbacks.java:86)
	at org.springframework.test.context.junit4.statements.SpringRepeat.evaluate(SpringRepeat.java:84)
	at org.junit.runners.ParentRunner.runLeaf(ParentRunner.java:366)
	at org.springframework.test.context.junit4.SpringJUnit4ClassRunner.runChild(SpringJUnit4ClassRunner.java:251)
	at org.springframework.test.context.junit4.SpringJUnit4ClassRunner.runChild(SpringJUnit4ClassRunner.java:97)
	at org.junit.runners.ParentRunner$4.run(ParentRunner.java:331)
	at org.junit.runners.ParentRunner$1.schedule(ParentRunner.java:79)
	at org.junit.runners.ParentRunner.runChildren(ParentRunner.java:329)
	at org.junit.runners.ParentRunner.access$100(ParentRunner.java:66)
	at org.junit.runners.ParentRunner$2.evaluate(ParentRunner.java:293)
	at org.springframework.test.context.junit4.statements.RunBeforeTestClassCallbacks.evaluate(RunBeforeTestClassCallbacks.java:61)
	at org.springframework.test.context.junit4.statements.RunAfterTestClassCallbacks.evaluate(RunAfterTestClassCallbacks.java:70)
	at org.junit.runners.ParentRunner$3.evaluate(ParentRunner.java:306)
	at org.junit.runners.ParentRunner.run(ParentRunner.java:413)
	at org.springframework.test.context.junit4.SpringJUnit4ClassRunner.run(SpringJUnit4ClassRunner.java:190)
	at org.apache.maven.surefire.junit4.JUnit4Provider.execute(JUnit4Provider.java:252)
	at org.apache.maven.surefire.junit4.JUnit4Provider.executeTestSet(JUnit4Provider.java:141)
	at org.apache.maven.surefire.junit4.JUnit4Provider.invoke(JUnit4Provider.java:112)
	at java.base/jdk.internal.reflect.NativeMethodAccessorImpl.invoke0(Native Method)
	at java.base/jdk.internal.reflect.NativeMethodAccessorImpl.invoke(NativeMethodAccessorImpl.java:64)
	at java.base/jdk.internal.reflect.DelegatingMethodAccessorImpl.invoke(DelegatingMethodAccessorImpl.java:43)
	at java.base/java.lang.reflect.Method.invoke(Method.java:564)
	at org.apache.maven.surefire.util.ReflectionUtils.invokeMethodWithArray(ReflectionUtils.java:189)
	at org.apache.maven.surefire.booter.ProviderFactory$ProviderProxy.invoke(ProviderFactory.java:165)
	at org.apache.maven.surefire.booter.ProviderFactory.invokeProvider(ProviderFactory.java:85)
	at org.apache.maven.surefire.booter.ForkedBooter.runSuitesInProcess(ForkedBooter.java:115)
	at org.apache.maven.surefire.booter.ForkedBooter.main(ForkedBooter.java:75)
</error>
    <system-out>2022-05-22 07:28:35.035 [main] INFO  org.springframework.mock.web.MockServletContext - Initializing Spring TestDispatcherServlet &apos;&apos;
2022-05-22 07:28:35.037 [main] INFO  org.springframework.test.web.servlet.TestDispatcherServlet - Initializing Servlet &apos;&apos;
2022-05-22 07:28:35.117 [main] INFO  org.springframework.test.web.servlet.TestDispatcherServlet - Completed initialization in 80 ms
2022-05-22 07:28:35.117 [main] INFO   - pageNumber: 0
2022-05-22 07:28:35.117 [main] INFO   - pageSize: 3
2022-05-22 07:28:35.127 [main] INFO   - listWithPagination start
</system-out>
  </testcase>
  <testcase classname="com.game.controller.GetAllTest" name="getAllWithFiltersBannedMaxLevel" time="0.051">
    <error message="Cannot deserialize instance of `java.util.ArrayList&lt;com.game.controller.utils.PlayerInfoTest&gt;` out of START_OBJECT token
 at [Source: (String)&quot;{&quot;content&quot;:[{&quot;id&quot;:1,&quot;name&quot;:&quot;Ниус&quot;,&quot;title&quot;:&quot;Приходящий Без Шума&quot;,&quot;race&quot;:&quot;HOBBIT&quot;},{&quot;id&quot;:2,&quot;name&quot;:&quot;Никрашш&quot;,&quot;title&quot;:&quot;НайтВульф&quot;,&quot;race&quot;:&quot;ORC&quot;},{&quot;id&quot;:3,&quot;name&quot;:&quot;Эззэссэль&quot;,&quot;title&quot;:&quot;шипящая&quot;,&quot;race&quot;:&quot;DWARF&quot;}],&quot;pageable&quot;:{&quot;page&quot;:0,&quot;size&quot;:3,&quot;sort&quot;:{&quot;orders&quot;:[]}},&quot;total&quot;:40}&quot;; line: 1, column: 1]" type="com.fasterxml.jackson.databind.exc.MismatchedInputException">com.fasterxml.jackson.databind.exc.MismatchedInputException: Cannot deserialize instance of `java.util.ArrayList&lt;com.game.controller.utils.PlayerInfoTest&gt;` out of START_OBJECT token
 at [Source: (String)&quot;{&quot;content&quot;:[{&quot;id&quot;:1,&quot;name&quot;:&quot;Ниус&quot;,&quot;title&quot;:&quot;Приходящий Без Шума&quot;,&quot;race&quot;:&quot;HOBBIT&quot;},{&quot;id&quot;:2,&quot;name&quot;:&quot;Никрашш&quot;,&quot;title&quot;:&quot;НайтВульф&quot;,&quot;race&quot;:&quot;ORC&quot;},{&quot;id&quot;:3,&quot;name&quot;:&quot;Эззэссэль&quot;,&quot;title&quot;:&quot;шипящая&quot;,&quot;race&quot;:&quot;DWARF&quot;}],&quot;pageable&quot;:{&quot;page&quot;:0,&quot;size&quot;:3,&quot;sort&quot;:{&quot;orders&quot;:[]}},&quot;total&quot;:40}&quot;; line: 1, column: 1]
	at com.fasterxml.jackson.databind.exc.MismatchedInputException.from(MismatchedInputException.java:59)
	at com.fasterxml.jackson.databind.DeserializationContext.reportInputMismatch(DeserializationContext.java:1442)
	at com.fasterxml.jackson.databind.DeserializationContext.handleUnexpectedToken(DeserializationContext.java:1216)
	at com.fasterxml.jackson.databind.DeserializationContext.handleUnexpectedToken(DeserializationContext.java:1168)
	at com.fasterxml.jackson.databind.deser.std.CollectionDeserializer.handleNonArray(CollectionDeserializer.java:332)
	at com.fasterxml.jackson.databind.deser.std.CollectionDeserializer.deserialize(CollectionDeserializer.java:265)
	at com.fasterxml.jackson.databind.deser.std.CollectionDeserializer.deserialize(CollectionDeserializer.java:245)
	at com.fasterxml.jackson.databind.deser.std.CollectionDeserializer.deserialize(CollectionDeserializer.java:27)
	at com.fasterxml.jackson.databind.ObjectMapper._readMapAndClose(ObjectMapper.java:4202)
	at com.fasterxml.jackson.databind.ObjectMapper.readValue(ObjectMapper.java:3205)
	at com.fasterxml.jackson.databind.ObjectMapper.readValue(ObjectMapper.java:3188)
	at com.game.controller.GetAllTest.getAllWithFiltersBannedMaxLevel(GetAllTest.java:145)
	at java.base/jdk.internal.reflect.NativeMethodAccessorImpl.invoke0(Native Method)
	at java.base/jdk.internal.reflect.NativeMethodAccessorImpl.invoke(NativeMethodAccessorImpl.java:64)
	at java.base/jdk.internal.reflect.DelegatingMethodAccessorImpl.invoke(DelegatingMethodAccessorImpl.java:43)
	at java.base/java.lang.reflect.Method.invoke(Method.java:564)
	at org.junit.runners.model.FrameworkMethod$1.runReflectiveCall(FrameworkMethod.java:59)
	at org.junit.internal.runners.model.ReflectiveCallable.run(ReflectiveCallable.java:12)
	at org.junit.runners.model.FrameworkMethod.invokeExplosively(FrameworkMethod.java:56)
	at org.junit.internal.runners.statements.InvokeMethod.evaluate(InvokeMethod.java:17)
	at org.springframework.test.context.junit4.statements.RunBeforeTestExecutionCallbacks.evaluate(RunBeforeTestExecutionCallbacks.java:74)
	at org.springframework.test.context.junit4.statements.RunAfterTestExecutionCallbacks.evaluate(RunAfterTestExecutionCallbacks.java:84)
	at org.junit.internal.runners.statements.RunBefores.evaluate(RunBefores.java:26)
	at org.springframework.test.context.junit4.statements.RunBeforeTestMethodCallbacks.evaluate(RunBeforeTestMethodCallbacks.java:75)
	at org.springframework.test.context.junit4.statements.RunAfterTestMethodCallbacks.evaluate(RunAfterTestMethodCallbacks.java:86)
	at org.springframework.test.context.junit4.statements.SpringRepeat.evaluate(SpringRepeat.java:84)
	at org.junit.runners.ParentRunner.runLeaf(ParentRunner.java:366)
	at org.springframework.test.context.junit4.SpringJUnit4ClassRunner.runChild(SpringJUnit4ClassRunner.java:251)
	at org.springframework.test.context.junit4.SpringJUnit4ClassRunner.runChild(SpringJUnit4ClassRunner.java:97)
	at org.junit.runners.ParentRunner$4.run(ParentRunner.java:331)
	at org.junit.runners.ParentRunner$1.schedule(ParentRunner.java:79)
	at org.junit.runners.ParentRunner.runChildren(ParentRunner.java:329)
	at org.junit.runners.ParentRunner.access$100(ParentRunner.java:66)
	at org.junit.runners.ParentRunner$2.evaluate(ParentRunner.java:293)
	at org.springframework.test.context.junit4.statements.RunBeforeTestClassCallbacks.evaluate(RunBeforeTestClassCallbacks.java:61)
	at org.springframework.test.context.junit4.statements.RunAfterTestClassCallbacks.evaluate(RunAfterTestClassCallbacks.java:70)
	at org.junit.runners.ParentRunner$3.evaluate(ParentRunner.java:306)
	at org.junit.runners.ParentRunner.run(ParentRunner.java:413)
	at org.springframework.test.context.junit4.SpringJUnit4ClassRunner.run(SpringJUnit4ClassRunner.java:190)
	at org.apache.maven.surefire.junit4.JUnit4Provider.execute(JUnit4Provider.java:252)
	at org.apache.maven.surefire.junit4.JUnit4Provider.executeTestSet(JUnit4Provider.java:141)
	at org.apache.maven.surefire.junit4.JUnit4Provider.invoke(JUnit4Provider.java:112)
	at java.base/jdk.internal.reflect.NativeMethodAccessorImpl.invoke0(Native Method)
	at java.base/jdk.internal.reflect.NativeMethodAccessorImpl.invoke(NativeMethodAccessorImpl.java:64)
	at java.base/jdk.internal.reflect.DelegatingMethodAccessorImpl.invoke(DelegatingMethodAccessorImpl.java:43)
	at java.base/java.lang.reflect.Method.invoke(Method.java:564)
	at org.apache.maven.surefire.util.ReflectionUtils.invokeMethodWithArray(ReflectionUtils.java:189)
	at org.apache.maven.surefire.booter.ProviderFactory$ProviderProxy.invoke(ProviderFactory.java:165)
	at org.apache.maven.surefire.booter.ProviderFactory.invokeProvider(ProviderFactory.java:85)
	at org.apache.maven.surefire.booter.ForkedBooter.runSuitesInProcess(ForkedBooter.java:115)
	at org.apache.maven.surefire.booter.ForkedBooter.main(ForkedBooter.java:75)
</error>
    <system-out>2022-05-22 07:28:35.178 [main] INFO  org.springframework.mock.web.MockServletContext - Initializing Spring TestDispatcherServlet &apos;&apos;
2022-05-22 07:28:35.178 [main] INFO  org.springframework.test.web.servlet.TestDispatcherServlet - Initializing Servlet &apos;&apos;
2022-05-22 07:28:35.188 [main] INFO  org.springframework.test.web.servlet.TestDispatcherServlet - Completed initialization in 10 ms
2022-05-22 07:28:35.188 [main] INFO   - pageNumber: 0
2022-05-22 07:28:35.196 [main] INFO   - pageSize: 3
2022-05-22 07:28:35.196 [main] INFO   - listWithPagination start
</system-out>
  </testcase>
  <testcase classname="com.game.controller.GetAllTest" name="getAllWithFiltersRaceProfessionAfterBefore" time="0.027">
    <error message="Cannot deserialize instance of `java.util.ArrayList&lt;com.game.controller.utils.PlayerInfoTest&gt;` out of START_OBJECT token
 at [Source: (String)&quot;{&quot;content&quot;:[{&quot;id&quot;:1,&quot;name&quot;:&quot;Ниус&quot;,&quot;title&quot;:&quot;Приходящий Без Шума&quot;,&quot;race&quot;:&quot;HOBBIT&quot;},{&quot;id&quot;:2,&quot;name&quot;:&quot;Никрашш&quot;,&quot;title&quot;:&quot;НайтВульф&quot;,&quot;race&quot;:&quot;ORC&quot;},{&quot;id&quot;:3,&quot;name&quot;:&quot;Эззэссэль&quot;,&quot;title&quot;:&quot;шипящая&quot;,&quot;race&quot;:&quot;DWARF&quot;}],&quot;pageable&quot;:{&quot;page&quot;:0,&quot;size&quot;:3,&quot;sort&quot;:{&quot;orders&quot;:[]}},&quot;total&quot;:40}&quot;; line: 1, column: 1]" type="com.fasterxml.jackson.databind.exc.MismatchedInputException">com.fasterxml.jackson.databind.exc.MismatchedInputException: Cannot deserialize instance of `java.util.ArrayList&lt;com.game.controller.utils.PlayerInfoTest&gt;` out of START_OBJECT token
 at [Source: (String)&quot;{&quot;content&quot;:[{&quot;id&quot;:1,&quot;name&quot;:&quot;Ниус&quot;,&quot;title&quot;:&quot;Приходящий Без Шума&quot;,&quot;race&quot;:&quot;HOBBIT&quot;},{&quot;id&quot;:2,&quot;name&quot;:&quot;Никрашш&quot;,&quot;title&quot;:&quot;НайтВульф&quot;,&quot;race&quot;:&quot;ORC&quot;},{&quot;id&quot;:3,&quot;name&quot;:&quot;Эззэссэль&quot;,&quot;title&quot;:&quot;шипящая&quot;,&quot;race&quot;:&quot;DWARF&quot;}],&quot;pageable&quot;:{&quot;page&quot;:0,&quot;size&quot;:3,&quot;sort&quot;:{&quot;orders&quot;:[]}},&quot;total&quot;:40}&quot;; line: 1, column: 1]
	at com.fasterxml.jackson.databind.exc.MismatchedInputException.from(MismatchedInputException.java:59)
	at com.fasterxml.jackson.databind.DeserializationContext.reportInputMismatch(DeserializationContext.java:1442)
	at com.fasterxml.jackson.databind.DeserializationContext.handleUnexpectedToken(DeserializationContext.java:1216)
	at com.fasterxml.jackson.databind.DeserializationContext.handleUnexpectedToken(DeserializationContext.java:1168)
	at com.fasterxml.jackson.databind.deser.std.CollectionDeserializer.handleNonArray(CollectionDeserializer.java:332)
	at com.fasterxml.jackson.databind.deser.std.CollectionDeserializer.deserialize(CollectionDeserializer.java:265)
	at com.fasterxml.jackson.databind.deser.std.CollectionDeserializer.deserialize(CollectionDeserializer.java:245)
	at com.fasterxml.jackson.databind.deser.std.CollectionDeserializer.deserialize(CollectionDeserializer.java:27)
	at com.fasterxml.jackson.databind.ObjectMapper._readMapAndClose(ObjectMapper.java:4202)
	at com.fasterxml.jackson.databind.ObjectMapper.readValue(ObjectMapper.java:3205)
	at com.fasterxml.jackson.databind.ObjectMapper.readValue(ObjectMapper.java:3188)
	at com.game.controller.GetAllTest.getAllWithFiltersRaceProfessionAfterBefore(GetAllTest.java:85)
	at java.base/jdk.internal.reflect.NativeMethodAccessorImpl.invoke0(Native Method)
	at java.base/jdk.internal.reflect.NativeMethodAccessorImpl.invoke(NativeMethodAccessorImpl.java:64)
	at java.base/jdk.internal.reflect.DelegatingMethodAccessorImpl.invoke(DelegatingMethodAccessorImpl.java:43)
	at java.base/java.lang.reflect.Method.invoke(Method.java:564)
	at org.junit.runners.model.FrameworkMethod$1.runReflectiveCall(FrameworkMethod.java:59)
	at org.junit.internal.runners.model.ReflectiveCallable.run(ReflectiveCallable.java:12)
	at org.junit.runners.model.FrameworkMethod.invokeExplosively(FrameworkMethod.java:56)
	at org.junit.internal.runners.statements.InvokeMethod.evaluate(InvokeMethod.java:17)
	at org.springframework.test.context.junit4.statements.RunBeforeTestExecutionCallbacks.evaluate(RunBeforeTestExecutionCallbacks.java:74)
	at org.springframework.test.context.junit4.statements.RunAfterTestExecutionCallbacks.evaluate(RunAfterTestExecutionCallbacks.java:84)
	at org.junit.internal.runners.statements.RunBefores.evaluate(RunBefores.java:26)
	at org.springframework.test.context.junit4.statements.RunBeforeTestMethodCallbacks.evaluate(RunBeforeTestMethodCallbacks.java:75)
	at org.springframework.test.context.junit4.statements.RunAfterTestMethodCallbacks.evaluate(RunAfterTestMethodCallbacks.java:86)
	at org.springframework.test.context.junit4.statements.SpringRepeat.evaluate(SpringRepeat.java:84)
	at org.junit.runners.ParentRunner.runLeaf(ParentRunner.java:366)
	at org.springframework.test.context.junit4.SpringJUnit4ClassRunner.runChild(SpringJUnit4ClassRunner.java:251)
	at org.springframework.test.context.junit4.SpringJUnit4ClassRunner.runChild(SpringJUnit4ClassRunner.java:97)
	at org.junit.runners.ParentRunner$4.run(ParentRunner.java:331)
	at org.junit.runners.ParentRunner$1.schedule(ParentRunner.java:79)
	at org.junit.runners.ParentRunner.runChildren(ParentRunner.java:329)
	at org.junit.runners.ParentRunner.access$100(ParentRunner.java:66)
	at org.junit.runners.ParentRunner$2.evaluate(ParentRunner.java:293)
	at org.springframework.test.context.junit4.statements.RunBeforeTestClassCallbacks.evaluate(RunBeforeTestClassCallbacks.java:61)
	at org.springframework.test.context.junit4.statements.RunAfterTestClassCallbacks.evaluate(RunAfterTestClassCallbacks.java:70)
	at org.junit.runners.ParentRunner$3.evaluate(ParentRunner.java:306)
	at org.junit.runners.ParentRunner.run(ParentRunner.java:413)
	at org.springframework.test.context.junit4.SpringJUnit4ClassRunner.run(SpringJUnit4ClassRunner.java:190)
	at org.apache.maven.surefire.junit4.JUnit4Provider.execute(JUnit4Provider.java:252)
	at org.apache.maven.surefire.junit4.JUnit4Provider.executeTestSet(JUnit4Provider.java:141)
	at org.apache.maven.surefire.junit4.JUnit4Provider.invoke(JUnit4Provider.java:112)
	at java.base/jdk.internal.reflect.NativeMethodAccessorImpl.invoke0(Native Method)
	at java.base/jdk.internal.reflect.NativeMethodAccessorImpl.invoke(NativeMethodAccessorImpl.java:64)
	at java.base/jdk.internal.reflect.DelegatingMethodAccessorImpl.invoke(DelegatingMethodAccessorImpl.java:43)
	at java.base/java.lang.reflect.Method.invoke(Method.java:564)
	at org.apache.maven.surefire.util.ReflectionUtils.invokeMethodWithArray(ReflectionUtils.java:189)
	at org.apache.maven.surefire.booter.ProviderFactory$ProviderProxy.invoke(ProviderFactory.java:165)
	at org.apache.maven.surefire.booter.ProviderFactory.invokeProvider(ProviderFactory.java:85)
	at org.apache.maven.surefire.booter.ForkedBooter.runSuitesInProcess(ForkedBooter.java:115)
	at org.apache.maven.surefire.booter.ForkedBooter.main(ForkedBooter.java:75)
</error>
    <system-out>2022-05-22 07:28:35.209 [main] INFO  org.springframework.mock.web.MockServletContext - Initializing Spring TestDispatcherServlet &apos;&apos;
2022-05-22 07:28:35.209 [main] INFO  org.springframework.test.web.servlet.TestDispatcherServlet - Initializing Servlet &apos;&apos;
2022-05-22 07:28:35.218 [main] INFO  org.springframework.test.web.servlet.TestDispatcherServlet - Completed initialization in 0 ms
2022-05-22 07:28:35.218 [main] INFO   - pageNumber: 0
2022-05-22 07:28:35.218 [main] INFO   - pageSize: 3
2022-05-22 07:28:35.228 [main] INFO   - listWithPagination start
</system-out>
  </testcase>
</testsuite>